#
# A fatal error has been detected by the Java Runtime Environment:
#
#  EXCEPTION_ACCESS_VIOLATION (0xc0000005) at pc=0x0000000066b1db2e, pid=16816, tid=23932
#
# JRE version: OpenJDK Runtime Environment Temurin-17.0.11+9 (17.0.11+9) (build 17.0.11+9)
# Java VM: OpenJDK 64-Bit Server VM Temurin-17.0.11+9 (17.0.11+9, mixed mode, sharing, tiered, compressed oops, compressed class ptrs, g1 gc, windows-amd64)
# Problematic frame:
# C  [gdx-box2d64.dll+0x1db2e]
#
# No core dump will be written. Minidumps are not enabled by default on client versions of Windows
#
# If you would like to submit a bug report, please visit:
#   https://github.com/adoptium/adoptium-support/issues
# The crash happened outside the Java Virtual Machine in native code.
# See problematic frame for where to report the bug.
#

---------------  S U M M A R Y ------------

Command Line: -Dfile.encoding=UTF-8 -Duser.country=IN -Duser.language=en -Duser.variant com.mygame.AngryBirds.lwjgl3.Lwjgl3Launcher

Host: AMD Ryzen 7 5800X 8-Core Processor             , 16 cores, 31G,  Windows 11 , 64 bit Build 22621 (10.0.22621.4391)
Time: Fri Nov 29 22:03:08 2024 India Standard Time elapsed time: 3.889157 seconds (0d 0h 0m 3s)

---------------  T H R E A D  ---------------

Current thread (0x000001be0fa4f450):  JavaThread "main" [_thread_in_native, id=23932, stack(0x0000006e76b00000,0x0000006e76c00000)]

Stack: [0x0000006e76b00000,0x0000006e76c00000],  sp=0x0000006e76bfebd0,  free space=1018k
Native frames: (J=compiled Java code, j=interpreted, Vv=VM code, C=native code)
C  [gdx-box2d64.dll+0x1db2e]

Java frames: (J=compiled Java code, j=interpreted, Vv=VM code)
j  com.badlogic.gdx.physics.box2d.Body.jniSetTransform(JFFF)V+0
j  com.badlogic.gdx.physics.box2d.Body.setTransform(FFF)V+8
j  com.mygame.AngryBirds.Objects.Bird.resetBird()V+25
j  com.mygame.AngryBirds.Managers.BirdManager.resetNextBird()V+34
j  com.mygame.AngryBirds.Screen.GameScreen.render(F)V+323
j  com.badlogic.gdx.Game.render()V+19
j  com.mygame.AngryBirds.AngryBirdsMain.render()V+1
j  com.badlogic.gdx.backends.lwjgl3.Lwjgl3Window.update()Z+187
j  com.badlogic.gdx.backends.lwjgl3.Lwjgl3Application.loop()V+111
j  com.badlogic.gdx.backends.lwjgl3.Lwjgl3Application.<init>(Lcom/badlogic/gdx/ApplicationListener;Lcom/badlogic/gdx/backends/lwjgl3/Lwjgl3ApplicationConfiguration;)V+269
j  com.mygame.AngryBirds.lwjgl3.Lwjgl3Launcher.createApplication()Lcom/badlogic/gdx/backends/lwjgl3/Lwjgl3Application;+14
j  com.mygame.AngryBirds.lwjgl3.Lwjgl3Launcher.main([Ljava/lang/String;)V+7
v  ~StubRoutines::call_stub

siginfo: EXCEPTION_ACCESS_VIOLATION (0xc0000005), reading address 0xffffffffffffffff


Registers:
RAX=0x0000000066b238c0, RBX=0x000001be0bfee430, RCX=0x000001be0bfee430, RDX=0x0000006e76bfec58
RSP=0x0000006e76bfebd0, RBP=0x0000006e76bfed10, RSI=0x0000006e76bfec58, RDI=0x00dc00df00de00de
R8 =0x000001be0bfee430, R9 =0x00000000000000de, R10=0x000001be1e9bd6b2, R11=0x0000000000000102
R12=0x0000000000000000, R13=0x000001be0090ff08, R14=0x0000006e76bfed58, R15=0x000001be0fa4f450
RIP=0x0000000066b1db2e, EFLAGS=0x0000000000010202


Register to memory mapping:

RIP=0x0000000066b1db2e gdx-box2d64.dll
RAX=0x0000000066b238c0 gdx-box2d64.dll
RBX=0x000001be0bfee430 points into unknown readable memory: 0x00c200c200c100c0 | c0 00 c1 00 c2 00 c2 00
RCX=0x000001be0bfee430 points into unknown readable memory: 0x00c200c200c100c0 | c0 00 c1 00 c2 00 c2 00
RDX=0x0000006e76bfec58 is pointing into the stack for thread: 0x000001be0fa4f450
RSP=0x0000006e76bfebd0 is pointing into the stack for thread: 0x000001be0fa4f450
RBP=0x0000006e76bfed10 is pointing into the stack for thread: 0x000001be0fa4f450
RSI=0x0000006e76bfec58 is pointing into the stack for thread: 0x000001be0fa4f450
RDI=0x00dc00df00de00de is an unknown value
R8 =0x000001be0bfee430 points into unknown readable memory: 0x00c200c200c100c0 | c0 00 c1 00 c2 00 c2 00
R9 =0x00000000000000de is an unknown value
R10=0x000001be1e9bd6b2 is at code_begin+946 in an Interpreter codelet
method entry point (kind = native)  [0x000001be1e9bd300, 0x000001be1e9bdc80]  2432 bytes
R11=0x0000000000000102 is an unknown value
R12=0x0 is NULL
R13={method} {0x000001be0090ff10} 'jniSetTransform' '(JFFF)V' in 'com/badlogic/gdx/physics/box2d/Body'
R14=0x0000006e76bfed58 is pointing into the stack for thread: 0x000001be0fa4f450
R15=0x000001be0fa4f450 is a thread


Top of Stack: (sp=0x0000006e76bfebd0)
0x0000006e76bfebd0:   000000061f92ca90 0000006e76bfebd8
0x0000006e76bfebe0:   000001be3d7ea1ee 0000006e76bfec50
0x0000006e76bfebf0:   0000000000000000 0000000000000000
0x0000006e76bfec00:   000000003f800000 0000000000000000
0x0000006e76bfec10:   000001be0090ff08 0000000000000450
0x0000006e76bfec20:   000001be1e9b9520 0000000066b238e9
0x0000006e76bfec30:   0000000000000000 000000000000000a
0x0000006e76bfec40:   0000000000000000 000000000000000a
0x0000006e76bfec50:   000000061f92ca18 40471c724049999a
0x0000006e76bfec60:   000001be3d7e9a13 000001be1e9bd6e1
0x0000006e76bfec70:   000001be3d1cf1c0 0000000000000000
0x0000006e76bfec80:   000000061facd6f8 000001be3d1cfee8
0x0000006e76bfec90:   0000000040471c72 0000006e00000000
0x0000006e76bfeca0:   0000006e76bfed10 000001be1e9b9520
0x0000006e76bfecb0:   000000061f92ca00 0000000000000009
0x0000006e76bfecc0:   0000000000000000 0000006e76bfecc8
0x0000006e76bfecd0:   0000000000000000 0000006e76bfed58
0x0000006e76bfece0:   000001be00914028 0000000000000000
0x0000006e76bfecf0:   0000000620d4a400 000001be0090ff08
0x0000006e76bfed00:   0000000000000000 0000006e76bfed30
0x0000006e76bfed10:   0000006e76bfeda8 000001be1e9b9520
0x0000006e76bfed20:   0000000000000000 000001be1e9baff8
0x0000006e76bfed30:   0000006e00000000 0000006e40471c72
0x0000006e76bfed40:   000001be4049999a 000001be0bfee430
0x0000006e76bfed50:   0000000000000000 0000000620de2740
0x0000006e76bfed60:   0000006e76bfed60 000001be0090fe40
0x0000006e76bfed70:   0000006e76bfedd0 000001be00914028
0x0000006e76bfed80:   0000000000000000 0000000620d4a400
0x0000006e76bfed90:   000001be0090fe80 0000006e76bfed30
0x0000006e76bfeda0:   0000006e76bfedb8 0000006e76bfee20
0x0000006e76bfedb0:   000001be1e9b9520 000001be00000000
0x0000006e76bfedc0:   0000000640471c72 000000064049999a 

Instructions: (pc=0x0000000066b1db2e)
0x0000000066b1da2e:   40 f3 0f 11 43 44 f3 0f 11 4b 40 e9 ce fe ff ff
0x0000000066b1da3e:   66 90 41 b8 63 01 00 00 48 8d 15 f3 42 02 00 48
0x0000000066b1da4e:   8d 0d 52 44 02 00 ff 15 5a 89 03 00 48 8b 43 58
0x0000000066b1da5e:   f6 80 98 92 01 00 02 0f 85 a1 fe ff ff e9 97 fe
0x0000000066b1da6e:   ff ff f3 0f 10 35 70 46 02 00 f3 0f 11 b3 90 00
0x0000000066b1da7e:   00 00 0f 10 ce 0f 10 c6 e9 c8 fe ff ff 0f 1f 44
0x0000000066b1da8e:   00 00 41 b8 7d 01 00 00 48 8d 15 a3 42 02 00 48
0x0000000066b1da9e:   8d 0d f7 43 02 00 ff 15 0a 89 03 00 f3 0f 10 8b
0x0000000066b1daae:   98 00 00 00 e9 e3 fe ff ff 90 0f 1f 84 00 00 00
0x0000000066b1dabe:   00 00 83 39 02 74 08 45 31 c0 83 3a 02 75 2f 48
0x0000000066b1dace:   8b 81 80 00 00 00 48 85 c0 75 10 eb 25 0f 1f 44
0x0000000066b1dade:   00 00 48 8b 40 18 48 85 c0 74 17 48 39 10 75 f2
0x0000000066b1daee:   48 8b 48 08 44 0f b6 41 75 45 84 c0 75 e4 44 89
0x0000000066b1dafe:   c0 c3 41 b8 01 00 00 00 44 89 c0 c3 66 0f 1f 44
0x0000000066b1db0e:   00 00 57 56 53 48 83 ec 40 0f 11 74 24 20 0f 11
0x0000000066b1db1e:   7c 24 30 48 8b 79 58 48 89 cb 48 89 d6 0f 10 f2
0x0000000066b1db2e:   f6 87 98 92 01 00 02 0f 85 bd 00 00 00 0f 10 c6
0x0000000066b1db3e:   48 81 c7 a0 92 01 00 e8 76 62 01 00 0f 10 f8 f3
0x0000000066b1db4e:   0f 11 43 14 0f 10 c6 e8 26 60 01 00 f3 0f 10 4b
0x0000000066b1db5e:   1c f3 0f 10 5b 20 f3 0f 11 43 18 48 8b 06 48 8b
0x0000000066b1db6e:   73 70 0f 10 d1 0f 10 e3 f3 0f 11 73 38 f3 0f 59
0x0000000066b1db7e:   d7 48 89 43 0c f3 0f 59 e0 f3 0f 11 73 34 f3 0f
0x0000000066b1db8e:   59 c8 f3 0f 59 fb f3 0f 58 d4 f3 0f 58 53 10 f3
0x0000000066b1db9e:   0f 5c cf f3 0f 58 4b 0c f3 0f 11 53 30 f3 0f 11
0x0000000066b1dbae:   4b 2c 48 8b 43 2c 48 89 43 24 48 85 f6 74 25 48
0x0000000066b1dbbe:   83 c3 0c 0f 1f 80 00 00 00 00 48 89 f1 49 89 d9
0x0000000066b1dbce:   49 89 d8 48 89 fa e8 77 0e 00 00 48 8b 76 08 48
0x0000000066b1dbde:   85 f6 75 e6 0f 10 74 24 20 0f 10 7c 24 30 48 83
0x0000000066b1dbee:   c4 40 5b 5e 5f c3 0f 1f 40 00 41 b8 a3 01 00 00
0x0000000066b1dbfe:   48 8d 15 3b 41 02 00 48 8d 0d 9a 42 02 00 ff 15
0x0000000066b1dc0e:   a2 87 03 00 48 8b 7b 58 f6 87 98 92 01 00 02 75
0x0000000066b1dc1e:   c3 e9 17 ff ff ff 66 66 2e 0f 1f 84 00 00 00 00 


Stack slot to memory mapping:
stack at sp + 0 slots: 0x000000061f92ca90 is an oop: java.nio.HeapByteBuffer 
{0x000000061f92ca90} - klass: 'java/nio/HeapByteBuffer'
 - ---- fields (total size 7 words):
 - private 'mark' 'I' @12  -1 (ffffffff)
 - 'address' 'J' @16  16 (10 0)
 - private 'position' 'I' @24  0
 - private 'limit' 'I' @28  8192 (2000)
 - private 'capacity' 'I' @32  8192 (2000)
 - final 'segment' 'Ljdk/internal/access/foreign/MemorySegmentProxy;' @36  NULL (0)
 - final 'offset' 'I' @40  0
 - 'isReadOnly' 'Z' @44  false
 - 'bigEndian' 'Z' @45  true
 - 'nativeByteOrder' 'Z' @46  false
 - final 'hb' '[B' @48  [B{0x000000061f98f2a8} (c3f31e55)
stack at sp + 1 slots: 0x0000006e76bfebd8 is pointing into the stack for thread: 0x000001be0fa4f450
stack at sp + 2 slots: 0x000001be3d7ea1ee is pointing into metadata
stack at sp + 3 slots: 0x0000006e76bfec50 is pointing into the stack for thread: 0x000001be0fa4f450
stack at sp + 4 slots: 0x0 is NULL
stack at sp + 5 slots: 0x0 is NULL
stack at sp + 6 slots: 0x000000003f800000 is an unknown value
stack at sp + 7 slots: 0x0 is NULL


---------------  P R O C E S S  ---------------

Threads class SMR info:
_java_thread_list=0x000001be05865fe0, length=16, elements={
0x000001be0fa4f450, 0x000001be39f1b880, 0x000001be39f1c700, 0x000001be39f2c090,
0x000001be39f2cc50, 0x000001be39f2d810, 0x000001be39f305e0, 0x000001be39f3c8a0,
0x000001be39f3e270, 0x000001be7e097420, 0x000001be7e19ad70, 0x000001be7e1a6690,
0x000001be7e1d8e20, 0x000001be7e1e7570, 0x000001be04c59380, 0x000001be05617270
}

Java Threads: ( => current thread )
=>0x000001be0fa4f450 JavaThread "main" [_thread_in_native, id=23932, stack(0x0000006e76b00000,0x0000006e76c00000)]
  0x000001be39f1b880 JavaThread "Reference Handler" daemon [_thread_blocked, id=11244, stack(0x0000006e77200000,0x0000006e77300000)]
  0x000001be39f1c700 JavaThread "Finalizer" daemon [_thread_blocked, id=27456, stack(0x0000006e77300000,0x0000006e77400000)]
  0x000001be39f2c090 JavaThread "Signal Dispatcher" daemon [_thread_blocked, id=31388, stack(0x0000006e77400000,0x0000006e77500000)]
  0x000001be39f2cc50 JavaThread "Attach Listener" daemon [_thread_blocked, id=28244, stack(0x0000006e77500000,0x0000006e77600000)]
  0x000001be39f2d810 JavaThread "Service Thread" daemon [_thread_blocked, id=30524, stack(0x0000006e77600000,0x0000006e77700000)]
  0x000001be39f305e0 JavaThread "Monitor Deflation Thread" daemon [_thread_blocked, id=30132, stack(0x0000006e77700000,0x0000006e77800000)]
  0x000001be39f3c8a0 JavaThread "C2 CompilerThread0" daemon [_thread_blocked, id=33912, stack(0x0000006e77800000,0x0000006e77900000)]
  0x000001be39f3e270 JavaThread "C1 CompilerThread0" daemon [_thread_blocked, id=26988, stack(0x0000006e77900000,0x0000006e77a00000)]
  0x000001be7e097420 JavaThread "Sweeper thread" daemon [_thread_blocked, id=28564, stack(0x0000006e77a00000,0x0000006e77b00000)]
  0x000001be7e19ad70 JavaThread "C1 CompilerThread1" daemon [_thread_blocked, id=32252, stack(0x0000006e77b00000,0x0000006e77c00000)]
  0x000001be7e1a6690 JavaThread "C1 CompilerThread2" daemon [_thread_blocked, id=32820, stack(0x0000006e77c00000,0x0000006e77d00000)]
  0x000001be7e1d8e20 JavaThread "Notification Thread" daemon [_thread_blocked, id=32728, stack(0x0000006e77d00000,0x0000006e77e00000)]
  0x000001be7e1e7570 JavaThread "Common-Cleaner" daemon [_thread_blocked, id=31804, stack(0x0000006e77f00000,0x0000006e78000000)]
  0x000001be04c59380 JavaThread "Thread-0" daemon [_thread_blocked, id=29048, stack(0x0000006e78800000,0x0000006e78900000)]
  0x000001be05617270 JavaThread "LWJGL3 Timer" daemon [_thread_blocked, id=1576, stack(0x0000006e78d00000,0x0000006e78e00000)]

Other Threads:
  0x000001be39f15d50 VMThread "VM Thread" [stack: 0x0000006e77100000,0x0000006e77200000] [id=17860]
  0x000001be7e1d9710 WatcherThread [stack: 0x0000006e77e00000,0x0000006e77f00000] [id=33004]
  0x000001be0fabba50 GCTaskThread "GC Thread#0" [stack: 0x0000006e76c00000,0x0000006e76d00000] [id=4984]
  0x000001be0573aba0 GCTaskThread "GC Thread#1" [stack: 0x0000006e78e00000,0x0000006e78f00000] [id=11868]
  0x000001be05762e50 GCTaskThread "GC Thread#2" [stack: 0x0000006e78f00000,0x0000006e79000000] [id=8664]
  0x000001be05763110 GCTaskThread "GC Thread#3" [stack: 0x0000006e79000000,0x0000006e79100000] [id=27460]
  0x000001be057633d0 GCTaskThread "GC Thread#4" [stack: 0x0000006e79100000,0x0000006e79200000] [id=34364]
  0x000001be05763690 GCTaskThread "GC Thread#5" [stack: 0x0000006e79200000,0x0000006e79300000] [id=32120]
  0x000001be05760030 GCTaskThread "GC Thread#6" [stack: 0x0000006e79300000,0x0000006e79400000] [id=30036]
  0x000001be057602f0 GCTaskThread "GC Thread#7" [stack: 0x0000006e79400000,0x0000006e79500000] [id=24824]
  0x000001be05763950 GCTaskThread "GC Thread#8" [stack: 0x0000006e79500000,0x0000006e79600000] [id=29132]
  0x000001be05763c10 GCTaskThread "GC Thread#9" [stack: 0x0000006e79600000,0x0000006e79700000] [id=32492]
  0x000001be05763ed0 GCTaskThread "GC Thread#10" [stack: 0x0000006e79700000,0x0000006e79800000] [id=19744]
  0x000001be056d2be0 GCTaskThread "GC Thread#11" [stack: 0x0000006e79800000,0x0000006e79900000] [id=31436]
  0x000001be0facd810 ConcurrentGCThread "G1 Main Marker" [stack: 0x0000006e76d00000,0x0000006e76e00000] [id=16292]
  0x000001be0face9d0 ConcurrentGCThread "G1 Conc#0" [stack: 0x0000006e76e00000,0x0000006e76f00000] [id=6388]
  0x000001be0faeec30 ConcurrentGCThread "G1 Refine#0" [stack: 0x0000006e76f00000,0x0000006e77000000] [id=32328]
  0x000001be39e50930 ConcurrentGCThread "G1 Service" [stack: 0x0000006e77000000,0x0000006e77100000] [id=19408]

Threads with active compile tasks:

VM state: not at safepoint (normal execution)

VM Mutex/Monitor currently owned by a thread: None

Heap address: 0x0000000601400000, size: 8172 MB, Compressed Oops mode: Zero based, Oop shift amount: 3

CDS archive(s) mapped at: [0x000001be3d000000-0x000001be3dbb0000-0x000001be3dbb0000), size 12255232, SharedBaseAddress: 0x000001be3d000000, ArchiveRelocationMode: 1.
Compressed class space mapped at: 0x000001be3e000000-0x000001be7e000000, reserved size: 1073741824
Narrow klass base: 0x000001be3d000000, Narrow klass shift: 0, Narrow klass range: 0x100000000

GC Precious Log:
 CPUs: 16 total, 16 available
 Memory: 32679M
 Large Page Support: Disabled
 NUMA Support: Disabled
 Compressed Oops: Enabled (Zero based)
 Heap Region Size: 4M
 Heap Min Capacity: 8M
 Heap Initial Capacity: 512M
 Heap Max Capacity: 8172M
 Pre-touch: Disabled
 Parallel Workers: 13
 Concurrent Workers: 3
 Concurrent Refinement Workers: 13
 Periodic GC: Disabled

Heap:
 garbage-first heap   total 524288K, used 7112K [0x0000000601400000, 0x0000000800000000)
  region size 4096K, 4 young (16384K), 1 survivors (4096K)
 Metaspace       used 8750K, committed 9024K, reserved 1114112K
  class space    used 705K, committed 832K, reserved 1048576K

Heap Regions: E=young(eden), S=young(survivor), O=old, HS=humongous(starts), HC=humongous(continues), CS=collection set, F=free, OA=open archive, CA=closed archive, TAMS=top-at-mark-start (previous, next)
|   0|0x0000000601400000, 0x0000000601400000, 0x0000000601800000|  0%| F|  |TAMS 0x0000000601400000, 0x0000000601400000| Untracked 
|   1|0x0000000601800000, 0x0000000601800000, 0x0000000601c00000|  0%| F|  |TAMS 0x0000000601800000, 0x0000000601800000| Untracked 
|   2|0x0000000601c00000, 0x0000000601c00000, 0x0000000602000000|  0%| F|  |TAMS 0x0000000601c00000, 0x0000000601c00000| Untracked 
|   3|0x0000000602000000, 0x0000000602000000, 0x0000000602400000|  0%| F|  |TAMS 0x0000000602000000, 0x0000000602000000| Untracked 
|   4|0x0000000602400000, 0x0000000602400000, 0x0000000602800000|  0%| F|  |TAMS 0x0000000602400000, 0x0000000602400000| Untracked 
|   5|0x0000000602800000, 0x0000000602800000, 0x0000000602c00000|  0%| F|  |TAMS 0x0000000602800000, 0x0000000602800000| Untracked 
|   6|0x0000000602c00000, 0x0000000602c00000, 0x0000000603000000|  0%| F|  |TAMS 0x0000000602c00000, 0x0000000602c00000| Untracked 
|   7|0x0000000603000000, 0x0000000603000000, 0x0000000603400000|  0%| F|  |TAMS 0x0000000603000000, 0x0000000603000000| Untracked 
|   8|0x0000000603400000, 0x0000000603400000, 0x0000000603800000|  0%| F|  |TAMS 0x0000000603400000, 0x0000000603400000| Untracked 
|   9|0x0000000603800000, 0x0000000603800000, 0x0000000603c00000|  0%| F|  |TAMS 0x0000000603800000, 0x0000000603800000| Untracked 
|  10|0x0000000603c00000, 0x0000000603c00000, 0x0000000604000000|  0%| F|  |TAMS 0x0000000603c00000, 0x0000000603c00000| Untracked 
|  11|0x0000000604000000, 0x0000000604000000, 0x0000000604400000|  0%| F|  |TAMS 0x0000000604000000, 0x0000000604000000| Untracked 
|  12|0x0000000604400000, 0x0000000604400000, 0x0000000604800000|  0%| F|  |TAMS 0x0000000604400000, 0x0000000604400000| Untracked 
|  13|0x0000000604800000, 0x0000000604800000, 0x0000000604c00000|  0%| F|  |TAMS 0x0000000604800000, 0x0000000604800000| Untracked 
|  14|0x0000000604c00000, 0x0000000604c00000, 0x0000000605000000|  0%| F|  |TAMS 0x0000000604c00000, 0x0000000604c00000| Untracked 
|  15|0x0000000605000000, 0x0000000605000000, 0x0000000605400000|  0%| F|  |TAMS 0x0000000605000000, 0x0000000605000000| Untracked 
|  16|0x0000000605400000, 0x0000000605400000, 0x0000000605800000|  0%| F|  |TAMS 0x0000000605400000, 0x0000000605400000| Untracked 
|  17|0x0000000605800000, 0x0000000605800000, 0x0000000605c00000|  0%| F|  |TAMS 0x0000000605800000, 0x0000000605800000| Untracked 
|  18|0x0000000605c00000, 0x0000000605c00000, 0x0000000606000000|  0%| F|  |TAMS 0x0000000605c00000, 0x0000000605c00000| Untracked 
|  19|0x0000000606000000, 0x0000000606000000, 0x0000000606400000|  0%| F|  |TAMS 0x0000000606000000, 0x0000000606000000| Untracked 
|  20|0x0000000606400000, 0x0000000606400000, 0x0000000606800000|  0%| F|  |TAMS 0x0000000606400000, 0x0000000606400000| Untracked 
|  21|0x0000000606800000, 0x0000000606800000, 0x0000000606c00000|  0%| F|  |TAMS 0x0000000606800000, 0x0000000606800000| Untracked 
|  22|0x0000000606c00000, 0x0000000606c00000, 0x0000000607000000|  0%| F|  |TAMS 0x0000000606c00000, 0x0000000606c00000| Untracked 
|  23|0x0000000607000000, 0x0000000607000000, 0x0000000607400000|  0%| F|  |TAMS 0x0000000607000000, 0x0000000607000000| Untracked 
|  24|0x0000000607400000, 0x0000000607400000, 0x0000000607800000|  0%| F|  |TAMS 0x0000000607400000, 0x0000000607400000| Untracked 
|  25|0x0000000607800000, 0x0000000607800000, 0x0000000607c00000|  0%| F|  |TAMS 0x0000000607800000, 0x0000000607800000| Untracked 
|  26|0x0000000607c00000, 0x0000000607c00000, 0x0000000608000000|  0%| F|  |TAMS 0x0000000607c00000, 0x0000000607c00000| Untracked 
|  27|0x0000000608000000, 0x0000000608000000, 0x0000000608400000|  0%| F|  |TAMS 0x0000000608000000, 0x0000000608000000| Untracked 
|  28|0x0000000608400000, 0x0000000608400000, 0x0000000608800000|  0%| F|  |TAMS 0x0000000608400000, 0x0000000608400000| Untracked 
|  29|0x0000000608800000, 0x0000000608800000, 0x0000000608c00000|  0%| F|  |TAMS 0x0000000608800000, 0x0000000608800000| Untracked 
|  30|0x0000000608c00000, 0x0000000608c00000, 0x0000000609000000|  0%| F|  |TAMS 0x0000000608c00000, 0x0000000608c00000| Untracked 
|  31|0x0000000609000000, 0x0000000609000000, 0x0000000609400000|  0%| F|  |TAMS 0x0000000609000000, 0x0000000609000000| Untracked 
|  32|0x0000000609400000, 0x0000000609400000, 0x0000000609800000|  0%| F|  |TAMS 0x0000000609400000, 0x0000000609400000| Untracked 
|  33|0x0000000609800000, 0x0000000609800000, 0x0000000609c00000|  0%| F|  |TAMS 0x0000000609800000, 0x0000000609800000| Untracked 
|  34|0x0000000609c00000, 0x0000000609c00000, 0x000000060a000000|  0%| F|  |TAMS 0x0000000609c00000, 0x0000000609c00000| Untracked 
|  35|0x000000060a000000, 0x000000060a000000, 0x000000060a400000|  0%| F|  |TAMS 0x000000060a000000, 0x000000060a000000| Untracked 
|  36|0x000000060a400000, 0x000000060a400000, 0x000000060a800000|  0%| F|  |TAMS 0x000000060a400000, 0x000000060a400000| Untracked 
|  37|0x000000060a800000, 0x000000060a800000, 0x000000060ac00000|  0%| F|  |TAMS 0x000000060a800000, 0x000000060a800000| Untracked 
|  38|0x000000060ac00000, 0x000000060ac00000, 0x000000060b000000|  0%| F|  |TAMS 0x000000060ac00000, 0x000000060ac00000| Untracked 
|  39|0x000000060b000000, 0x000000060b000000, 0x000000060b400000|  0%| F|  |TAMS 0x000000060b000000, 0x000000060b000000| Untracked 
|  40|0x000000060b400000, 0x000000060b400000, 0x000000060b800000|  0%| F|  |TAMS 0x000000060b400000, 0x000000060b400000| Untracked 
|  41|0x000000060b800000, 0x000000060b800000, 0x000000060bc00000|  0%| F|  |TAMS 0x000000060b800000, 0x000000060b800000| Untracked 
|  42|0x000000060bc00000, 0x000000060bc00000, 0x000000060c000000|  0%| F|  |TAMS 0x000000060bc00000, 0x000000060bc00000| Untracked 
|  43|0x000000060c000000, 0x000000060c000000, 0x000000060c400000|  0%| F|  |TAMS 0x000000060c000000, 0x000000060c000000| Untracked 
|  44|0x000000060c400000, 0x000000060c400000, 0x000000060c800000|  0%| F|  |TAMS 0x000000060c400000, 0x000000060c400000| Untracked 
|  45|0x000000060c800000, 0x000000060c800000, 0x000000060cc00000|  0%| F|  |TAMS 0x000000060c800000, 0x000000060c800000| Untracked 
|  46|0x000000060cc00000, 0x000000060cc00000, 0x000000060d000000|  0%| F|  |TAMS 0x000000060cc00000, 0x000000060cc00000| Untracked 
|  47|0x000000060d000000, 0x000000060d000000, 0x000000060d400000|  0%| F|  |TAMS 0x000000060d000000, 0x000000060d000000| Untracked 
|  48|0x000000060d400000, 0x000000060d400000, 0x000000060d800000|  0%| F|  |TAMS 0x000000060d400000, 0x000000060d400000| Untracked 
|  49|0x000000060d800000, 0x000000060d800000, 0x000000060dc00000|  0%| F|  |TAMS 0x000000060d800000, 0x000000060d800000| Untracked 
|  50|0x000000060dc00000, 0x000000060dc00000, 0x000000060e000000|  0%| F|  |TAMS 0x000000060dc00000, 0x000000060dc00000| Untracked 
|  51|0x000000060e000000, 0x000000060e000000, 0x000000060e400000|  0%| F|  |TAMS 0x000000060e000000, 0x000000060e000000| Untracked 
|  52|0x000000060e400000, 0x000000060e400000, 0x000000060e800000|  0%| F|  |TAMS 0x000000060e400000, 0x000000060e400000| Untracked 
|  53|0x000000060e800000, 0x000000060e800000, 0x000000060ec00000|  0%| F|  |TAMS 0x000000060e800000, 0x000000060e800000| Untracked 
|  54|0x000000060ec00000, 0x000000060ec00000, 0x000000060f000000|  0%| F|  |TAMS 0x000000060ec00000, 0x000000060ec00000| Untracked 
|  55|0x000000060f000000, 0x000000060f000000, 0x000000060f400000|  0%| F|  |TAMS 0x000000060f000000, 0x000000060f000000| Untracked 
|  56|0x000000060f400000, 0x000000060f400000, 0x000000060f800000|  0%| F|  |TAMS 0x000000060f400000, 0x000000060f400000| Untracked 
|  57|0x000000060f800000, 0x000000060f800000, 0x000000060fc00000|  0%| F|  |TAMS 0x000000060f800000, 0x000000060f800000| Untracked 
|  58|0x000000060fc00000, 0x000000060fc00000, 0x0000000610000000|  0%| F|  |TAMS 0x000000060fc00000, 0x000000060fc00000| Untracked 
|  59|0x0000000610000000, 0x0000000610000000, 0x0000000610400000|  0%| F|  |TAMS 0x0000000610000000, 0x0000000610000000| Untracked 
|  60|0x0000000610400000, 0x0000000610400000, 0x0000000610800000|  0%| F|  |TAMS 0x0000000610400000, 0x0000000610400000| Untracked 
|  61|0x0000000610800000, 0x0000000610800000, 0x0000000610c00000|  0%| F|  |TAMS 0x0000000610800000, 0x0000000610800000| Untracked 
|  62|0x0000000610c00000, 0x0000000610c00000, 0x0000000611000000|  0%| F|  |TAMS 0x0000000610c00000, 0x0000000610c00000| Untracked 
|  63|0x0000000611000000, 0x0000000611000000, 0x0000000611400000|  0%| F|  |TAMS 0x0000000611000000, 0x0000000611000000| Untracked 
|  64|0x0000000611400000, 0x0000000611400000, 0x0000000611800000|  0%| F|  |TAMS 0x0000000611400000, 0x0000000611400000| Untracked 
|  65|0x0000000611800000, 0x0000000611800000, 0x0000000611c00000|  0%| F|  |TAMS 0x0000000611800000, 0x0000000611800000| Untracked 
|  66|0x0000000611c00000, 0x0000000611c00000, 0x0000000612000000|  0%| F|  |TAMS 0x0000000611c00000, 0x0000000611c00000| Untracked 
|  67|0x0000000612000000, 0x0000000612000000, 0x0000000612400000|  0%| F|  |TAMS 0x0000000612000000, 0x0000000612000000| Untracked 
|  68|0x0000000612400000, 0x0000000612400000, 0x0000000612800000|  0%| F|  |TAMS 0x0000000612400000, 0x0000000612400000| Untracked 
|  69|0x0000000612800000, 0x0000000612800000, 0x0000000612c00000|  0%| F|  |TAMS 0x0000000612800000, 0x0000000612800000| Untracked 
|  70|0x0000000612c00000, 0x0000000612c00000, 0x0000000613000000|  0%| F|  |TAMS 0x0000000612c00000, 0x0000000612c00000| Untracked 
|  71|0x0000000613000000, 0x0000000613000000, 0x0000000613400000|  0%| F|  |TAMS 0x0000000613000000, 0x0000000613000000| Untracked 
|  72|0x0000000613400000, 0x0000000613400000, 0x0000000613800000|  0%| F|  |TAMS 0x0000000613400000, 0x0000000613400000| Untracked 
|  73|0x0000000613800000, 0x0000000613800000, 0x0000000613c00000|  0%| F|  |TAMS 0x0000000613800000, 0x0000000613800000| Untracked 
|  74|0x0000000613c00000, 0x0000000613c00000, 0x0000000614000000|  0%| F|  |TAMS 0x0000000613c00000, 0x0000000613c00000| Untracked 
|  75|0x0000000614000000, 0x0000000614000000, 0x0000000614400000|  0%| F|  |TAMS 0x0000000614000000, 0x0000000614000000| Untracked 
|  76|0x0000000614400000, 0x0000000614400000, 0x0000000614800000|  0%| F|  |TAMS 0x0000000614400000, 0x0000000614400000| Untracked 
|  77|0x0000000614800000, 0x0000000614800000, 0x0000000614c00000|  0%| F|  |TAMS 0x0000000614800000, 0x0000000614800000| Untracked 
|  78|0x0000000614c00000, 0x0000000614c00000, 0x0000000615000000|  0%| F|  |TAMS 0x0000000614c00000, 0x0000000614c00000| Untracked 
|  79|0x0000000615000000, 0x0000000615000000, 0x0000000615400000|  0%| F|  |TAMS 0x0000000615000000, 0x0000000615000000| Untracked 
|  80|0x0000000615400000, 0x0000000615400000, 0x0000000615800000|  0%| F|  |TAMS 0x0000000615400000, 0x0000000615400000| Untracked 
|  81|0x0000000615800000, 0x0000000615800000, 0x0000000615c00000|  0%| F|  |TAMS 0x0000000615800000, 0x0000000615800000| Untracked 
|  82|0x0000000615c00000, 0x0000000615c00000, 0x0000000616000000|  0%| F|  |TAMS 0x0000000615c00000, 0x0000000615c00000| Untracked 
|  83|0x0000000616000000, 0x0000000616000000, 0x0000000616400000|  0%| F|  |TAMS 0x0000000616000000, 0x0000000616000000| Untracked 
|  84|0x0000000616400000, 0x0000000616400000, 0x0000000616800000|  0%| F|  |TAMS 0x0000000616400000, 0x0000000616400000| Untracked 
|  85|0x0000000616800000, 0x0000000616800000, 0x0000000616c00000|  0%| F|  |TAMS 0x0000000616800000, 0x0000000616800000| Untracked 
|  86|0x0000000616c00000, 0x0000000616c00000, 0x0000000617000000|  0%| F|  |TAMS 0x0000000616c00000, 0x0000000616c00000| Untracked 
|  87|0x0000000617000000, 0x0000000617000000, 0x0000000617400000|  0%| F|  |TAMS 0x0000000617000000, 0x0000000617000000| Untracked 
|  88|0x0000000617400000, 0x0000000617400000, 0x0000000617800000|  0%| F|  |TAMS 0x0000000617400000, 0x0000000617400000| Untracked 
|  89|0x0000000617800000, 0x0000000617800000, 0x0000000617c00000|  0%| F|  |TAMS 0x0000000617800000, 0x0000000617800000| Untracked 
|  90|0x0000000617c00000, 0x0000000617c00000, 0x0000000618000000|  0%| F|  |TAMS 0x0000000617c00000, 0x0000000617c00000| Untracked 
|  91|0x0000000618000000, 0x0000000618000000, 0x0000000618400000|  0%| F|  |TAMS 0x0000000618000000, 0x0000000618000000| Untracked 
|  92|0x0000000618400000, 0x0000000618400000, 0x0000000618800000|  0%| F|  |TAMS 0x0000000618400000, 0x0000000618400000| Untracked 
|  93|0x0000000618800000, 0x0000000618800000, 0x0000000618c00000|  0%| F|  |TAMS 0x0000000618800000, 0x0000000618800000| Untracked 
|  94|0x0000000618c00000, 0x0000000618c00000, 0x0000000619000000|  0%| F|  |TAMS 0x0000000618c00000, 0x0000000618c00000| Untracked 
|  95|0x0000000619000000, 0x0000000619000000, 0x0000000619400000|  0%| F|  |TAMS 0x0000000619000000, 0x0000000619000000| Untracked 
|  96|0x0000000619400000, 0x0000000619400000, 0x0000000619800000|  0%| F|  |TAMS 0x0000000619400000, 0x0000000619400000| Untracked 
|  97|0x0000000619800000, 0x0000000619800000, 0x0000000619c00000|  0%| F|  |TAMS 0x0000000619800000, 0x0000000619800000| Untracked 
|  98|0x0000000619c00000, 0x0000000619c00000, 0x000000061a000000|  0%| F|  |TAMS 0x0000000619c00000, 0x0000000619c00000| Untracked 
|  99|0x000000061a000000, 0x000000061a000000, 0x000000061a400000|  0%| F|  |TAMS 0x000000061a000000, 0x000000061a000000| Untracked 
| 100|0x000000061a400000, 0x000000061a400000, 0x000000061a800000|  0%| F|  |TAMS 0x000000061a400000, 0x000000061a400000| Untracked 
| 101|0x000000061a800000, 0x000000061a800000, 0x000000061ac00000|  0%| F|  |TAMS 0x000000061a800000, 0x000000061a800000| Untracked 
| 102|0x000000061ac00000, 0x000000061ac00000, 0x000000061b000000|  0%| F|  |TAMS 0x000000061ac00000, 0x000000061ac00000| Untracked 
| 103|0x000000061b000000, 0x000000061b000000, 0x000000061b400000|  0%| F|  |TAMS 0x000000061b000000, 0x000000061b000000| Untracked 
| 104|0x000000061b400000, 0x000000061b400000, 0x000000061b800000|  0%| F|  |TAMS 0x000000061b400000, 0x000000061b400000| Untracked 
| 105|0x000000061b800000, 0x000000061b800000, 0x000000061bc00000|  0%| F|  |TAMS 0x000000061b800000, 0x000000061b800000| Untracked 
| 106|0x000000061bc00000, 0x000000061bc00000, 0x000000061c000000|  0%| F|  |TAMS 0x000000061bc00000, 0x000000061bc00000| Untracked 
| 107|0x000000061c000000, 0x000000061c000000, 0x000000061c400000|  0%| F|  |TAMS 0x000000061c000000, 0x000000061c000000| Untracked 
| 108|0x000000061c400000, 0x000000061c400000, 0x000000061c800000|  0%| F|  |TAMS 0x000000061c400000, 0x000000061c400000| Untracked 
| 109|0x000000061c800000, 0x000000061c800000, 0x000000061cc00000|  0%| F|  |TAMS 0x000000061c800000, 0x000000061c800000| Untracked 
| 110|0x000000061cc00000, 0x000000061cc00000, 0x000000061d000000|  0%| F|  |TAMS 0x000000061cc00000, 0x000000061cc00000| Untracked 
| 111|0x000000061d000000, 0x000000061d000000, 0x000000061d400000|  0%| F|  |TAMS 0x000000061d000000, 0x000000061d000000| Untracked 
| 112|0x000000061d400000, 0x000000061d400000, 0x000000061d800000|  0%| F|  |TAMS 0x000000061d400000, 0x000000061d400000| Untracked 
| 113|0x000000061d800000, 0x000000061d800000, 0x000000061dc00000|  0%| F|  |TAMS 0x000000061d800000, 0x000000061d800000| Untracked 
| 114|0x000000061dc00000, 0x000000061dc00000, 0x000000061e000000|  0%| F|  |TAMS 0x000000061dc00000, 0x000000061dc00000| Untracked 
| 115|0x000000061e000000, 0x000000061e000000, 0x000000061e400000|  0%| F|  |TAMS 0x000000061e000000, 0x000000061e000000| Untracked 
| 116|0x000000061e400000, 0x000000061e400000, 0x000000061e800000|  0%| F|  |TAMS 0x000000061e400000, 0x000000061e400000| Untracked 
| 117|0x000000061e800000, 0x000000061e800000, 0x000000061ec00000|  0%| F|  |TAMS 0x000000061e800000, 0x000000061e800000| Untracked 
| 118|0x000000061ec00000, 0x000000061ec00000, 0x000000061f000000|  0%| F|  |TAMS 0x000000061ec00000, 0x000000061ec00000| Untracked 
| 119|0x000000061f000000, 0x000000061f000000, 0x000000061f400000|  0%| F|  |TAMS 0x000000061f000000, 0x000000061f000000| Untracked 
| 120|0x000000061f400000, 0x000000061f400000, 0x000000061f800000|  0%| F|  |TAMS 0x000000061f400000, 0x000000061f400000| Untracked 
| 121|0x000000061f800000, 0x000000061faf2048, 0x000000061fc00000| 73%| S|CS|TAMS 0x000000061f800000, 0x000000061f800000| Complete 
| 122|0x000000061fc00000, 0x000000061fc00000, 0x0000000620000000|  0%| F|  |TAMS 0x000000061fc00000, 0x000000061fc00000| Untracked 
| 123|0x0000000620000000, 0x0000000620000000, 0x0000000620400000|  0%| F|  |TAMS 0x0000000620000000, 0x0000000620000000| Untracked 
| 124|0x0000000620400000, 0x0000000620400000, 0x0000000620800000|  0%| F|  |TAMS 0x0000000620400000, 0x0000000620400000| Untracked 
| 125|0x0000000620800000, 0x00000006208c3f18, 0x0000000620c00000| 19%| E|  |TAMS 0x0000000620800000, 0x0000000620800000| Complete 
| 126|0x0000000620c00000, 0x0000000621000000, 0x0000000621000000|100%| E|  |TAMS 0x0000000620c00000, 0x0000000620c00000| Complete 
| 127|0x0000000621000000, 0x0000000621400000, 0x0000000621400000|100%| E|CS|TAMS 0x0000000621000000, 0x0000000621000000| Complete 

Card table byte_map: [0x000001be27de0000,0x000001be28de0000] _byte_map_base: 0x000001be24dd6000

Marking Bits (Prev, Next): (CMBitMap*) 0x000001be0fabcf90, (CMBitMap*) 0x000001be0fabcfd0
 Prev Bits: [0x000001be29de0000, 0x000001be31d90000)
 Next Bits: [0x000001be31d90000, 0x000001be39d40000)

Polling page: 0x000001be0d950000

Metaspace:

Usage:
  Non-class:      7.86 MB used.
      Class:    705.91 KB used.
       Both:      8.55 MB used.

Virtual space:
  Non-class space:       64.00 MB reserved,       8.00 MB ( 12%) committed,  1 nodes.
      Class space:        1.00 GB reserved,     832.00 KB ( <1%) committed,  1 nodes.
             Both:        1.06 GB reserved,       8.81 MB ( <1%) committed. 

Chunk freelists:
   Non-Class:  6.68 MB
       Class:  15.25 MB
        Both:  21.93 MB

MaxMetaspaceSize: unlimited
CompressedClassSpaceSize: 1.00 GB
Initial GC threshold: 21.00 MB
Current GC threshold: 21.00 MB
CDS: on
MetaspaceReclaimPolicy: balanced
 - commit_granule_bytes: 65536.
 - commit_granule_words: 8192.
 - virtual_space_node_default_size: 8388608.
 - enlarge_chunks_in_place: 1.
 - new_chunks_are_fully_committed: 0.
 - uncommit_free_chunks: 1.
 - use_allocation_guard: 0.
 - handle_deallocations: 1.


Internal statistics:

num_allocs_failed_limit: 0.
num_arena_births: 98.
num_arena_deaths: 0.
num_vsnodes_births: 2.
num_vsnodes_deaths: 0.
num_space_committed: 139.
num_space_uncommitted: 0.
num_chunks_returned_to_freelist: 0.
num_chunks_taken_from_freelist: 330.
num_chunk_merges: 0.
num_chunk_splits: 242.
num_chunks_enlarged: 188.
num_inconsistent_stats: 0.

CodeHeap 'non-profiled nmethods': size=119168Kb used=642Kb max_used=642Kb free=118525Kb
 bounds [0x000001be1f100000, 0x000001be1f370000, 0x000001be26560000]
CodeHeap 'profiled nmethods': size=119104Kb used=3274Kb max_used=3274Kb free=115829Kb
 bounds [0x000001be17560000, 0x000001be178a0000, 0x000001be1e9b0000]
CodeHeap 'non-nmethods': size=7488Kb used=2806Kb max_used=3321Kb free=4681Kb
 bounds [0x000001be1e9b0000, 0x000001be1ed00000, 0x000001be1f100000]
 total_blobs=2977 nmethods=1841 adapters=1047
 compilation: enabled
              stopped_count=0, restarted_count=0
 full_count=0

Compilation events (20 events):
Event: 3.878 Thread 0x000001be39f3e270 1831       1       java.util.concurrent.atomic.AtomicLong::get (5 bytes)
Event: 3.878 Thread 0x000001be39f3e270 nmethod 1831 0x000001be1f1a0110 code [0x000001be1f1a02a0, 0x000001be1f1a0378]
Event: 3.878 Thread 0x000001be7e1a6690 nmethod 1830 0x000001be17889710 code [0x000001be17889980, 0x000001be1788a5e8]
Event: 3.878 Thread 0x000001be7e1a6690 1832       3       jdk.internal.module.Resources::toPackageName (39 bytes)
Event: 3.878 Thread 0x000001be7e19ad70 1833   !   3       jdk.internal.loader.BuiltinClassLoader::findMiscResource (122 bytes)
Event: 3.879 Thread 0x000001be7e1a6690 nmethod 1832 0x000001be1788a990 code [0x000001be1788abc0, 0x000001be1788b258]
Event: 3.879 Thread 0x000001be7e1a6690 1834       3       jdk.internal.loader.BuiltinClassLoader::checkURL (5 bytes)
Event: 3.879 Thread 0x000001be39f3e270 1835   !   3       jdk.internal.loader.URLClassPath::checkURL (16 bytes)
Event: 3.879 Thread 0x000001be7e19ad70 nmethod 1833 0x000001be1788b510 code [0x000001be1788b7c0, 0x000001be1788cbd8]
Event: 3.879 Thread 0x000001be39f3e270 nmethod 1835 0x000001be1788d110 code [0x000001be1788d2c0, 0x000001be1788d488]
Event: 3.879 Thread 0x000001be7e1a6690 nmethod 1834 0x000001be1788d590 code [0x000001be1788d740, 0x000001be1788d948]
Event: 3.880 Thread 0x000001be7e1a6690 1836   !   3       jdk.internal.loader.BuiltinClassLoader::findResource (154 bytes)
Event: 3.880 Thread 0x000001be7e19ad70 1837       3       jdk.internal.loader.BuiltinClassLoader::findResourceOnClassPath (41 bytes)
Event: 3.880 Thread 0x000001be7e19ad70 nmethod 1837 0x000001be1788da10 code [0x000001be1788dc40, 0x000001be1788e518]
Event: 3.880 Thread 0x000001be7e1a6690 nmethod 1836 0x000001be1788e790 code [0x000001be1788eb00, 0x000001be1788ffe8]
Event: 3.880 Thread 0x000001be7e19ad70 1838       3       com.badlogic.gdx.utils.Array::<init> (7 bytes)
Event: 3.881 Thread 0x000001be7e19ad70 nmethod 1838 0x000001be17890810 code [0x000001be178909c0, 0x000001be17890c98]
Event: 3.881 Thread 0x000001be7e19ad70 1840       3       com.badlogic.gdx.scenes.scene2d.ui.Table::ensureSize (23 bytes)
Event: 3.881 Thread 0x000001be7e19ad70 nmethod 1840 0x000001be17890d90 code [0x000001be17890f60, 0x000001be17891328]
Event: 3.882 Thread 0x000001be39f3e270 1841       3       java.lang.invoke.MethodType::insertParameterTypes (121 bytes)

GC Heap History (2 events):
Event: 2.177 GC heap before
{Heap before GC invocations=0 (full 0):
 garbage-first heap   total 524288K, used 24576K [0x0000000601400000, 0x0000000800000000)
  region size 4096K, 6 young (24576K), 0 survivors (0K)
 Metaspace       used 7191K, committed 7360K, reserved 1114112K
  class space    used 559K, committed 640K, reserved 1048576K
}
Event: 2.178 GC heap after
{Heap after GC invocations=1 (full 0):
 garbage-first heap   total 524288K, used 3016K [0x0000000601400000, 0x0000000800000000)
  region size 4096K, 1 young (4096K), 1 survivors (4096K)
 Metaspace       used 7191K, committed 7360K, reserved 1114112K
  class space    used 559K, committed 640K, reserved 1048576K
}

Dll operation events (11 events):
Event: 0.005 Loaded shared library C:\Users\omen6\AppData\Local\Programs\Eclipse Adoptium\jdk-17.0.11.9-hotspot\bin\java.dll
Event: 0.014 Loaded shared library C:\Users\omen6\AppData\Local\Programs\Eclipse Adoptium\jdk-17.0.11.9-hotspot\bin\jsvml.dll
Event: 0.069 Loaded shared library C:\Users\omen6\AppData\Local\Programs\Eclipse Adoptium\jdk-17.0.11.9-hotspot\bin\net.dll
Event: 0.071 Loaded shared library C:\Users\omen6\AppData\Local\Programs\Eclipse Adoptium\jdk-17.0.11.9-hotspot\bin\nio.dll
Event: 0.073 Loaded shared library C:\Users\omen6\AppData\Local\Programs\Eclipse Adoptium\jdk-17.0.11.9-hotspot\bin\zip.dll
Event: 0.124 Loaded shared library C:\Users\omen6\AppData\Local\Programs\Eclipse Adoptium\jdk-17.0.11.9-hotspot\bin\jimage.dll
Event: 0.127 Loaded shared library C:\ProgramData\libGDX-temp\libgdxomen6\2a9d7f76\gdx64.dll
Event: 0.162 Loaded shared library C:\ProgramData\libGDX-temp\lwjgl_omen6\3.3.3+5\x64\lwjgl.dll
Event: 0.451 Loaded shared library C:\ProgramData\libGDX-temp\lwjgl_omen6\3.3.3+5\x64\lwjgl_opengl.dll
Event: 2.137 Loaded shared library C:\ProgramData\libGDX-temp\libgdxomen6\5980c506\gdx-freetype64.dll
Event: 3.117 Loaded shared library C:\ProgramData\libGDX-temp\libgdxomen6\5e84b8da\gdx-box2d64.dll

Deoptimization events (20 events):
Event: 3.146 Thread 0x000001be0fa4f450 Uncommon trap: trap_request=0xffffff45 fr.pc=0x000001be1f154f48 relative=0x0000000000000048
Event: 3.146 Thread 0x000001be0fa4f450 Uncommon trap: reason=unstable_if action=reinterpret pc=0x000001be1f154f48 method=java.lang.CharacterData.of(I)Ljava/lang/CharacterData; @ 4 c2
Event: 3.146 Thread 0x000001be0fa4f450 DEOPT PACKING pc=0x000001be1f154f48 sp=0x0000006e76bfde20
Event: 3.146 Thread 0x000001be0fa4f450 DEOPT UNPACKING pc=0x000001be1ea069a3 sp=0x0000006e76bfddc0 mode 2
Event: 3.878 Thread 0x000001be0fa4f450 Uncommon trap: trap_request=0xffffffd6 fr.pc=0x000001be1f19cd8c relative=0x00000000000001cc
Event: 3.878 Thread 0x000001be0fa4f450 Uncommon trap: reason=array_check action=maybe_recompile pc=0x000001be1f19cd8c method=com.badlogic.gdx.utils.Array.add(Ljava/lang/Object;)V @ 46 c2
Event: 3.878 Thread 0x000001be0fa4f450 DEOPT PACKING pc=0x000001be1f19cd8c sp=0x0000006e76bfe6c0
Event: 3.878 Thread 0x000001be0fa4f450 DEOPT UNPACKING pc=0x000001be1ea069a3 sp=0x0000006e76bfe668 mode 2
Event: 3.879 Thread 0x000001be0fa4f450 Uncommon trap: trap_request=0xffffffd6 fr.pc=0x000001be1f19cd8c relative=0x00000000000001cc
Event: 3.879 Thread 0x000001be0fa4f450 Uncommon trap: reason=array_check action=maybe_recompile pc=0x000001be1f19cd8c method=com.badlogic.gdx.utils.Array.add(Ljava/lang/Object;)V @ 46 c2
Event: 3.879 Thread 0x000001be0fa4f450 DEOPT PACKING pc=0x000001be1f19cd8c sp=0x0000006e76bfe6c0
Event: 3.879 Thread 0x000001be0fa4f450 DEOPT UNPACKING pc=0x000001be1ea069a3 sp=0x0000006e76bfe668 mode 2
Event: 3.879 Thread 0x000001be0fa4f450 Uncommon trap: trap_request=0xffffffd6 fr.pc=0x000001be1f19cd8c relative=0x00000000000001cc
Event: 3.879 Thread 0x000001be0fa4f450 Uncommon trap: reason=array_check action=maybe_recompile pc=0x000001be1f19cd8c method=com.badlogic.gdx.utils.Array.add(Ljava/lang/Object;)V @ 46 c2
Event: 3.879 Thread 0x000001be0fa4f450 DEOPT PACKING pc=0x000001be1f19cd8c sp=0x0000006e76bfe6c0
Event: 3.879 Thread 0x000001be0fa4f450 DEOPT UNPACKING pc=0x000001be1ea069a3 sp=0x0000006e76bfe668 mode 2
Event: 3.880 Thread 0x000001be0fa4f450 Uncommon trap: trap_request=0xffffffd6 fr.pc=0x000001be1f19cd8c relative=0x00000000000001cc
Event: 3.880 Thread 0x000001be0fa4f450 Uncommon trap: reason=array_check action=maybe_recompile pc=0x000001be1f19cd8c method=com.badlogic.gdx.utils.Array.add(Ljava/lang/Object;)V @ 46 c2
Event: 3.880 Thread 0x000001be0fa4f450 DEOPT PACKING pc=0x000001be1f19cd8c sp=0x0000006e76bfe6c0
Event: 3.880 Thread 0x000001be0fa4f450 DEOPT UNPACKING pc=0x000001be1ea069a3 sp=0x0000006e76bfe668 mode 2

Classes unloaded (0 events):
No events

Classes redefined (0 events):
No events

Internal exceptions (20 events):
Event: 0.192 Thread 0x000001be0fa4f450 Exception <a 'java/lang/NoSuchMethodError'{0x0000000620938f00}: 'int java.lang.invoke.DirectMethodHandle$Holder.invokeStaticInit(java.lang.Object, java.lang.Object, java.lang.Object, long)'> (0x0000000620938f00) 
thrown [s\src\hotspot\share\interpreter\linkResolver.cpp, line 759]
Event: 0.201 Thread 0x000001be0fa4f450 Exception <a 'sun/nio/fs/WindowsException'{0x00000006209edcb0}> (0x00000006209edcb0) 
thrown [s\src\hotspot\share\prims\jni.cpp, line 516]
Event: 0.201 Thread 0x000001be0fa4f450 Exception <a 'sun/nio/fs/WindowsException'{0x00000006209ee010}> (0x00000006209ee010) 
thrown [s\src\hotspot\share\prims\jni.cpp, line 516]
Event: 0.214 Thread 0x000001be0fa4f450 Exception <a 'sun/nio/fs/WindowsException'{0x0000000620ab41c0}> (0x0000000620ab41c0) 
thrown [s\src\hotspot\share\prims\jni.cpp, line 516]
Event: 0.214 Thread 0x000001be0fa4f450 Exception <a 'sun/nio/fs/WindowsException'{0x0000000620ab44f0}> (0x0000000620ab44f0) 
thrown [s\src\hotspot\share\prims\jni.cpp, line 516]
Event: 0.253 Thread 0x000001be0fa4f450 Exception <a 'sun/nio/fs/WindowsException'{0x0000000620b83950}> (0x0000000620b83950) 
thrown [s\src\hotspot\share\prims\jni.cpp, line 516]
Event: 0.253 Thread 0x000001be0fa4f450 Exception <a 'sun/nio/fs/WindowsException'{0x0000000620b83ca0}> (0x0000000620b83ca0) 
thrown [s\src\hotspot\share\prims\jni.cpp, line 516]
Event: 0.278 Thread 0x000001be0fa4f450 Exception <a 'java/lang/NoSuchMethodError'{0x0000000620bd2a48}: 'java.lang.Object java.lang.invoke.DirectMethodHandle$Holder.newInvokeSpecial(java.lang.Object, long)'> (0x0000000620bd2a48) 
thrown [s\src\hotspot\share\interpreter\linkResolver.cpp, line 759]
Event: 0.443 Thread 0x000001be0fa4f450 Exception <a 'java/lang/NoSuchMethodError'{0x00000006205dbee8}: 'void java.lang.invoke.DirectMethodHandle$Holder.invokeStatic(java.lang.Object, long)'> (0x00000006205dbee8) 
thrown [s\src\hotspot\share\interpreter\linkResolver.cpp, line 759]
Event: 0.450 Thread 0x000001be0fa4f450 Exception <a 'sun/nio/fs/WindowsException'{0x0000000620617bc8}> (0x0000000620617bc8) 
thrown [s\src\hotspot\share\prims\jni.cpp, line 516]
Event: 0.450 Thread 0x000001be0fa4f450 Exception <a 'sun/nio/fs/WindowsException'{0x0000000620617f40}> (0x0000000620617f40) 
thrown [s\src\hotspot\share\prims\jni.cpp, line 516]
Event: 0.452 Thread 0x000001be0fa4f450 Exception <a 'sun/nio/fs/WindowsException'{0x0000000620628a10}> (0x0000000620628a10) 
thrown [s\src\hotspot\share\prims\jni.cpp, line 516]
Event: 0.452 Thread 0x000001be0fa4f450 Exception <a 'sun/nio/fs/WindowsException'{0x0000000620628cc0}> (0x0000000620628cc0) 
thrown [s\src\hotspot\share\prims\jni.cpp, line 516]
Event: 2.138 Thread 0x000001be0fa4f450 Exception <a 'java/io/FileNotFoundException'{0x000000061fe1f0e0}> (0x000000061fe1f0e0) 
thrown [s\src\hotspot\share\prims\jni.cpp, line 516]
Event: 2.713 Thread 0x000001be0fa4f450 Exception <a 'java/io/FileNotFoundException'{0x00000006211a2690}> (0x00000006211a2690) 
thrown [s\src\hotspot\share\prims\jni.cpp, line 516]
Event: 3.123 Thread 0x000001be0fa4f450 Exception <a 'java/io/FileNotFoundException'{0x0000000620cff628}> (0x0000000620cff628) 
thrown [s\src\hotspot\share\prims\jni.cpp, line 516]
Event: 3.873 Thread 0x000001be0fa4f450 Exception <a 'java/lang/NoSuchMethodError'{0x0000000620f795d8}: static Lcom/mygame/AngryBirds/Managers/GameState$BirdState;.<clinit>()V> (0x0000000620f795d8) 
thrown [s\src\hotspot\share\prims\jni.cpp, line 1112]
Event: 3.875 Thread 0x000001be0fa4f450 Exception <a 'java/lang/NoSuchMethodError'{0x0000000620f9b530}: static Lcom/mygame/AngryBirds/Managers/GameState$GroundState;.<clinit>()V> (0x0000000620f9b530) 
thrown [s\src\hotspot\share\prims\jni.cpp, line 1112]
Event: 3.875 Thread 0x000001be0fa4f450 Exception <a 'java/lang/NoSuchMethodError'{0x0000000620fa40d0}: static Lcom/mygame/AngryBirds/Managers/GameState$PigState;.<clinit>()V> (0x0000000620fa40d0) 
thrown [s\src\hotspot\share\prims\jni.cpp, line 1112]
Event: 3.876 Thread 0x000001be0fa4f450 Exception <a 'java/lang/NoSuchMethodError'{0x0000000620fad140}: static Lcom/mygame/AngryBirds/Managers/GameState$StructureState;.<clinit>()V> (0x0000000620fad140) 
thrown [s\src\hotspot\share\prims\jni.cpp, line 1112]

VM Operations (20 events):
Event: 0.169 Executing VM operation: HandshakeAllThreads
Event: 0.169 Executing VM operation: HandshakeAllThreads done
Event: 0.487 Executing VM operation: HandshakeAllThreads
Event: 0.487 Executing VM operation: HandshakeAllThreads done
Event: 1.500 Executing VM operation: Cleanup
Event: 1.501 Executing VM operation: Cleanup done
Event: 2.127 Executing VM operation: HandshakeAllThreads
Event: 2.127 Executing VM operation: HandshakeAllThreads done
Event: 2.142 Executing VM operation: HandshakeAllThreads
Event: 2.142 Executing VM operation: HandshakeAllThreads done
Event: 2.154 Executing VM operation: HandshakeAllThreads
Event: 2.154 Executing VM operation: HandshakeAllThreads done
Event: 2.177 Executing VM operation: G1CollectForAllocation
Event: 2.178 Executing VM operation: G1CollectForAllocation done
Event: 3.120 Executing VM operation: HandshakeAllThreads
Event: 3.120 Executing VM operation: HandshakeAllThreads done
Event: 3.120 Executing VM operation: HandshakeAllThreads
Event: 3.120 Executing VM operation: HandshakeAllThreads done
Event: 3.146 Executing VM operation: HandshakeAllThreads
Event: 3.146 Executing VM operation: HandshakeAllThreads done

Events (20 events):
Event: 3.871 loading class java/io/ObjectInputStream$FieldValues
Event: 3.871 loading class java/io/ObjectInputStream$GetField
Event: 3.871 loading class java/io/ObjectInputStream$GetField done
Event: 3.871 loading class java/io/ObjectInputStream$FieldValues done
Event: 3.872 loading class java/util/function/UnaryOperator
Event: 3.872 loading class java/util/function/UnaryOperator done
Event: 3.872 loading class java/io/SerialCallbackContext
Event: 3.872 loading class java/io/SerialCallbackContext done
Event: 3.873 loading class java/io/ObjectStreamClass$1
Event: 3.873 loading class java/io/ObjectStreamClass$1 done
Event: 3.873 loading class java/io/DataOutputStream
Event: 3.873 loading class java/io/DataOutputStream done
Event: 3.873 loading class java/io/ObjectStreamClass$MemberSignature
Event: 3.873 loading class java/io/ObjectStreamClass$MemberSignature done
Event: 3.873 loading class java/io/ObjectStreamClass$3
Event: 3.873 loading class java/io/ObjectStreamClass$3 done
Event: 3.873 loading class java/io/ObjectStreamClass$4
Event: 3.873 loading class java/io/ObjectStreamClass$4 done
Event: 3.873 loading class java/io/ObjectStreamClass$5
Event: 3.873 loading class java/io/ObjectStreamClass$5 done


Dynamic libraries:
0x00007ff79e980000 - 0x00007ff79e98e000 	C:\Users\omen6\AppData\Local\Programs\Eclipse Adoptium\jdk-17.0.11.9-hotspot\bin\java.exe
0x00007ffdef0f0000 - 0x00007ffdef307000 	C:\WINDOWS\SYSTEM32\ntdll.dll
0x00007ffdee410000 - 0x00007ffdee4d4000 	C:\WINDOWS\System32\KERNEL32.DLL
0x00007ffdec6e0000 - 0x00007ffdeca9a000 	C:\WINDOWS\System32\KERNELBASE.dll
0x00007ffdecce0000 - 0x00007ffdecdf1000 	C:\WINDOWS\System32\ucrtbase.dll
0x00007ffdcdb10000 - 0x00007ffdcdb27000 	C:\Users\omen6\AppData\Local\Programs\Eclipse Adoptium\jdk-17.0.11.9-hotspot\bin\jli.dll
0x00007ffdc8c80000 - 0x00007ffdc8c9b000 	C:\Users\omen6\AppData\Local\Programs\Eclipse Adoptium\jdk-17.0.11.9-hotspot\bin\VCRUNTIME140.dll
0x00007ffdeded0000 - 0x00007ffdee07e000 	C:\WINDOWS\System32\USER32.dll
0x00007ffdeccb0000 - 0x00007ffdeccd6000 	C:\WINDOWS\System32\win32u.dll
0x00007ffddea00000 - 0x00007ffddec92000 	C:\WINDOWS\WinSxS\amd64_microsoft.windows.common-controls_6595b64144ccf1df_6.0.22621.4541_none_2710d1c57384c085\COMCTL32.dll
0x00007ffdee800000 - 0x00007ffdee829000 	C:\WINDOWS\System32\GDI32.dll
0x00007ffdece00000 - 0x00007ffdecea7000 	C:\WINDOWS\System32\msvcrt.dll
0x00007ffdecb60000 - 0x00007ffdecc7b000 	C:\WINDOWS\System32\gdi32full.dll
0x00007ffdec640000 - 0x00007ffdec6da000 	C:\WINDOWS\System32\msvcp_win.dll
0x00007ffdeceb0000 - 0x00007ffdecee1000 	C:\WINDOWS\System32\IMM32.DLL
0x00007ffde8980000 - 0x00007ffde898c000 	C:\Users\omen6\AppData\Local\Programs\Eclipse Adoptium\jdk-17.0.11.9-hotspot\bin\vcruntime140_1.dll
0x00007ffd90d30000 - 0x00007ffd90dbd000 	C:\Users\omen6\AppData\Local\Programs\Eclipse Adoptium\jdk-17.0.11.9-hotspot\bin\msvcp140.dll
0x00007ffd8ee40000 - 0x00007ffd8faa2000 	C:\Users\omen6\AppData\Local\Programs\Eclipse Adoptium\jdk-17.0.11.9-hotspot\bin\server\jvm.dll
0x00007ffdecef0000 - 0x00007ffdecfa2000 	C:\WINDOWS\System32\ADVAPI32.dll
0x00007ffdee750000 - 0x00007ffdee7f7000 	C:\WINDOWS\System32\sechost.dll
0x00007ffdecc80000 - 0x00007ffdecca8000 	C:\WINDOWS\System32\bcrypt.dll
0x00007ffdeeb80000 - 0x00007ffdeec94000 	C:\WINDOWS\System32\RPCRT4.dll
0x00007ffdeba20000 - 0x00007ffdeba6d000 	C:\WINDOWS\SYSTEM32\POWRPROF.dll
0x00007ffde9210000 - 0x00007ffde9244000 	C:\WINDOWS\SYSTEM32\WINMM.dll
0x00007ffde88e0000 - 0x00007ffde88e9000 	C:\WINDOWS\SYSTEM32\WSOCK32.dll
0x00007ffde5250000 - 0x00007ffde525a000 	C:\WINDOWS\SYSTEM32\VERSION.dll
0x00007ffdecfb0000 - 0x00007ffded021000 	C:\WINDOWS\System32\WS2_32.dll
0x00007ffdeba00000 - 0x00007ffdeba13000 	C:\WINDOWS\SYSTEM32\UMPDC.dll
0x00007ffdeb410000 - 0x00007ffdeb428000 	C:\WINDOWS\SYSTEM32\kernel.appcore.dll
0x00007ffdc9400000 - 0x00007ffdc940a000 	C:\Users\omen6\AppData\Local\Programs\Eclipse Adoptium\jdk-17.0.11.9-hotspot\bin\jimage.dll
0x00007ffdd8d80000 - 0x00007ffdd8fb2000 	C:\WINDOWS\SYSTEM32\DBGHELP.DLL
0x00007ffdeed10000 - 0x00007ffdef09f000 	C:\WINDOWS\System32\combase.dll
0x00007ffdee4e0000 - 0x00007ffdee5b7000 	C:\WINDOWS\System32\OLEAUT32.dll
0x00007ffdbddb0000 - 0x00007ffdbdde2000 	C:\WINDOWS\SYSTEM32\dbgcore.DLL
0x00007ffdec5c0000 - 0x00007ffdec63b000 	C:\WINDOWS\System32\bcryptPrimitives.dll
0x00007ffdc8c40000 - 0x00007ffdc8c65000 	C:\Users\omen6\AppData\Local\Programs\Eclipse Adoptium\jdk-17.0.11.9-hotspot\bin\java.dll
0x00007ffd90c50000 - 0x00007ffd90d27000 	C:\Users\omen6\AppData\Local\Programs\Eclipse Adoptium\jdk-17.0.11.9-hotspot\bin\jsvml.dll
0x00007ffded030000 - 0x00007ffded8a8000 	C:\WINDOWS\System32\SHELL32.dll
0x00007ffdea310000 - 0x00007ffdeac18000 	C:\WINDOWS\SYSTEM32\windows.storage.dll
0x00007ffdea1d0000 - 0x00007ffdea30f000 	C:\WINDOWS\SYSTEM32\wintypes.dll
0x00007ffdee0e0000 - 0x00007ffdee1da000 	C:\WINDOWS\System32\SHCORE.dll
0x00007ffdee9f0000 - 0x00007ffdeea4e000 	C:\WINDOWS\System32\shlwapi.dll
0x00007ffdec300000 - 0x00007ffdec32b000 	C:\WINDOWS\SYSTEM32\profapi.dll
0x00007ffdc13d0000 - 0x00007ffdc13e9000 	C:\Users\omen6\AppData\Local\Programs\Eclipse Adoptium\jdk-17.0.11.9-hotspot\bin\net.dll
0x00007ffde8bd0000 - 0x00007ffde8d06000 	C:\WINDOWS\SYSTEM32\WINHTTP.dll
0x00007ffdeb900000 - 0x00007ffdeb969000 	C:\WINDOWS\system32\mswsock.dll
0x00007ffdc0bd0000 - 0x00007ffdc0be6000 	C:\Users\omen6\AppData\Local\Programs\Eclipse Adoptium\jdk-17.0.11.9-hotspot\bin\nio.dll
0x00007ffdc8c20000 - 0x00007ffdc8c38000 	C:\Users\omen6\AppData\Local\Programs\Eclipse Adoptium\jdk-17.0.11.9-hotspot\bin\zip.dll
0x000000006e700000 - 0x000000006e72d000 	C:\ProgramData\libGDX-temp\libgdxomen6\2a9d7f76\gdx64.dll
0x00007ffd8dbe0000 - 0x00007ffd8dc5b000 	C:\ProgramData\libGDX-temp\lwjgl_omen6\3.3.3+5\x64\lwjgl.dll
0x00007ffd77cf0000 - 0x00007ffd77f60000 	C:\ProgramData\libGDX-temp\lwjgl_omen6\3.3.3+5\x64\jemalloc.dll
0x00007ffd8d3b0000 - 0x00007ffd8d432000 	C:\ProgramData\libGDX-temp\lwjgl_omen6\3.3.3+5\x64\glfw.dll
0x00007ffd99040000 - 0x00007ffd99086000 	C:\WINDOWS\SYSTEM32\dinput8.dll
0x00007ffdcd1e0000 - 0x00007ffdcd1f1000 	C:\WINDOWS\SYSTEM32\xinput1_4.dll
0x00007ffdec0c0000 - 0x00007ffdec10e000 	C:\WINDOWS\SYSTEM32\cfgmgr32.dll
0x00007ffdec090000 - 0x00007ffdec0bc000 	C:\WINDOWS\SYSTEM32\DEVOBJ.dll
0x00007ffde9d40000 - 0x00007ffde9d6b000 	C:\WINDOWS\SYSTEM32\dwmapi.dll
0x00007ffde06c0000 - 0x00007ffde08d4000 	C:\WINDOWS\SYSTEM32\inputhost.dll
0x00007ffde85a0000 - 0x00007ffde86d3000 	C:\WINDOWS\SYSTEM32\CoreMessaging.dll
0x00007ffde98b0000 - 0x00007ffde9961000 	C:\WINDOWS\system32\uxtheme.dll
0x0000000180000000 - 0x0000000183586000 	C:\Program Files (x86)\RivaTuner Statistics Server\RTSSHooks64.dll
0x00007ffded8b0000 - 0x00007ffdedd24000 	C:\WINDOWS\System32\SETUPAPI.dll
0x00007ffdebbf0000 - 0x00007ffdebbfc000 	C:\WINDOWS\SYSTEM32\CRYPTBASE.DLL
0x00007ffdedd30000 - 0x00007ffdede91000 	C:\WINDOWS\System32\MSCTF.dll
0x00007ffd786c0000 - 0x00007ffd78887000 	C:\ProgramData\libGDX-temp\lwjgl_omen6\3.3.3+5\x64\OpenAL.dll
0x00007ffdee1e0000 - 0x00007ffdee385000 	C:\WINDOWS\System32\ole32.dll
0x00007ffdeeab0000 - 0x00007ffdeeb60000 	C:\WINDOWS\System32\clbcatq.dll
0x00007ffddf840000 - 0x00007ffddf8de000 	C:\WINDOWS\System32\MMDevApi.dll
0x00007ffdac6e0000 - 0x00007ffdac8ce000 	C:\WINDOWS\SYSTEM32\AUDIOSES.DLL
0x00007ffde9dc0000 - 0x00007ffde9dd5000 	C:\WINDOWS\SYSTEM32\resourcepolicyclient.dll
0x00007ffd8fe90000 - 0x00007ffd8ff90000 	C:\WINDOWS\SYSTEM32\opengl32.dll
0x00007ffdbf160000 - 0x00007ffdbf18d000 	C:\WINDOWS\SYSTEM32\GLU32.dll
0x00007ffde9a00000 - 0x00007ffde9a37000 	C:\WINDOWS\SYSTEM32\dxcore.dll
0x00007ffde4e90000 - 0x00007ffde4fd4000 	C:\Windows\System32\AppXDeploymentClient.dll
0x00007ffd2e590000 - 0x00007ffd30bc8000 	C:\WINDOWS\System32\DriverStore\FileRepository\nv_dispi.inf_amd64_adf5a840df867035\nvoglv64.dll
0x00007ffdeb1c0000 - 0x00007ffdeb1d4000 	C:\WINDOWS\SYSTEM32\WTSAPI32.dll
0x00007ffdec070000 - 0x00007ffdec082000 	C:\WINDOWS\SYSTEM32\msasn1.dll
0x00007ffde7bf0000 - 0x00007ffde7c22000 	C:\WINDOWS\SYSTEM32\cryptnet.dll
0x00007ffdec450000 - 0x00007ffdec5b6000 	C:\WINDOWS\System32\CRYPT32.dll
0x00007ffdebc80000 - 0x00007ffdebccc000 	C:\WINDOWS\SYSTEM32\wldp.dll
0x00007ffde3770000 - 0x00007ffde38d2000 	C:\WINDOWS\SYSTEM32\drvstore.dll
0x00007ffdec3d0000 - 0x00007ffdec442000 	C:\WINDOWS\System32\WINTRUST.dll
0x00007ffdeb590000 - 0x00007ffdeb5c4000 	C:\WINDOWS\SYSTEM32\ntmarta.dll
0x00007ffdeeca0000 - 0x00007ffdeecbf000 	C:\WINDOWS\System32\imagehlp.dll
0x00007ffdebbd0000 - 0x00007ffdebbeb000 	C:\WINDOWS\SYSTEM32\CRYPTSP.dll
0x00007ffdeb370000 - 0x00007ffdeb3a5000 	C:\WINDOWS\system32\rsaenh.dll
0x00007ffdd5010000 - 0x00007ffdd7d20000 	C:\WINDOWS\System32\DriverStore\FileRepository\nv_dispi.inf_amd64_adf5a840df867035\nvgpucomp64.dll
0x00007ffd78280000 - 0x00007ffd7857b000 	C:\WINDOWS\system32\nvspcap64.dll
0x00007ffdeb520000 - 0x00007ffdeb586000 	C:\WINDOWS\SYSTEM32\WINSTA.dll
0x00007ffde05b0000 - 0x00007ffde066c000 	C:\WINDOWS\SYSTEM32\mscms.dll
0x00007ffd8eb90000 - 0x00007ffd8ebd9000 	C:\WINDOWS\SYSTEM32\icm32.dll
0x00007ffd8d350000 - 0x00007ffd8d3ae000 	C:\ProgramData\libGDX-temp\lwjgl_omen6\3.3.3+5\x64\lwjgl_opengl.dll
0x00007ffde4770000 - 0x00007ffde48b5000 	C:\WINDOWS\SYSTEM32\textinputframework.dll
0x00007ffde5c00000 - 0x00007ffde5f6d000 	C:\WINDOWS\SYSTEM32\CoreUIComponents.dll
0x000000006a340000 - 0x000000006a3f4000 	C:\ProgramData\libGDX-temp\libgdxomen6\5980c506\gdx-freetype64.dll
0x00007ffdc1370000 - 0x00007ffdc13bb000 	C:\WINDOWS\system32\ApplicationTargetedFeatureDatabase.dll
0x00007ffde8de0000 - 0x00007ffde9084000 	C:\Windows\System32\twinapi.appcore.dll
0x0000000066b00000 - 0x0000000066b5a000 	C:\ProgramData\libGDX-temp\libgdxomen6\5e84b8da\gdx-box2d64.dll

dbghelp: loaded successfully - version: 4.0.5 - missing functions: none
symbol engine: initialized successfully - sym options: 0x614 - pdb path: .;C:\Users\omen6\AppData\Local\Programs\Eclipse Adoptium\jdk-17.0.11.9-hotspot\bin;C:\WINDOWS\SYSTEM32;C:\WINDOWS\WinSxS\amd64_microsoft.windows.common-controls_6595b64144ccf1df_6.0.22621.4541_none_2710d1c57384c085;C:\Users\omen6\AppData\Local\Programs\Eclipse Adoptium\jdk-17.0.11.9-hotspot\bin\server;C:\ProgramData\libGDX-temp\libgdxomen6\2a9d7f76;C:\ProgramData\libGDX-temp\lwjgl_omen6\3.3.3+5\x64;C:\Program Files (x86)\RivaTuner Statistics Server;C:\WINDOWS\System32\DriverStore\FileRepository\nv_dispi.inf_amd64_adf5a840df867035;C:\ProgramData\libGDX-temp\libgdxomen6\5980c506;C:\ProgramData\libGDX-temp\libgdxomen6\5e84b8da

VM Arguments:
jvm_args: -Dfile.encoding=UTF-8 -Duser.country=IN -Duser.language=en -Duser.variant 
java_command: com.mygame.AngryBirds.lwjgl3.Lwjgl3Launcher
java_class_path (initial): E:\GITHUB\AngryBirds\AngryBirds\lwjgl3\build\classes\java\main;E:\GITHUB\AngryBirds\AngryBirds\lwjgl3\build\resources\main;C:\Users\omen6\.gradle\caches\modules-2\files-2.1\com.badlogicgames.gdx\gdx-backend-lwjgl3\1.12.1\12a144cacb34f0392cd8354f798d99e4836a51a8\gdx-backend-lwjgl3-1.12.1.jar;E:\GITHUB\AngryBirds\AngryBirds\core\build\libs\core-$projectVersion.jar;C:\Users\omen6\.gradle\caches\modules-2\files-2.1\com.badlogicgames.gdx\gdx-box2d-platform\1.12.1\4e82228fcdd2e8a7673fe7952588acfdb33d7820\gdx-box2d-platform-1.12.1-natives-desktop.jar;C:\Users\omen6\.gradle\caches\modules-2\files-2.1\com.badlogicgames.gdx\gdx-freetype-platform\1.12.1\a32f9ecca13ae01370d9649e48a30201080d4c18\gdx-freetype-platform-1.12.1-natives-desktop.jar;C:\Users\omen6\.gradle\caches\modules-2\files-2.1\com.badlogicgames.gdx\gdx-platform\1.12.1\5737be5ce3a4e8f9f77c2d9ab95ab479f9c3705f\gdx-platform-1.12.1-natives-desktop.jar;C:\Users\omen6\.gradle\caches\modules-2\files-2.1\games.rednblack.miniaudio\miniaudio\0.4\e69789f9f68c6f630f4c3a7a68b46f3f234d0952\miniaudio-0.4-natives-desktop.jar;C:\Users\omen6\.gradle\caches\modules-2\files-2.1\games.rednblack.miniaudio\miniaudio\0.4\8e87628e233df9559a52a1423d252f3b43ff4cc5\miniaudio-0.4.jar;C:\Users\omen6\.gradle\caches\modules-2\files-2.1\com.badlogicgames.gdx\gdx-tools\1.12.1\c0670e43a98e4602e2cda9188ce7b41b4605a215\gdx-tools-1.12.1.jar;C:\Users\omen6\.gradle\caches\modules-2\files-2.1\com.github.tommyettinger\libgdx-utils-box2d\0.13.7\8880b2a4f7e60c5e3919b3c139c9f29a49f93924\libgdx-utils-box2d-0.13.7.jar;C:\Users\omen6\.gradle\caches\modules-2\files-2.1\com.badlogicgames.gdx\gdx-box2d\1.12.1\6c37ed04f97d062f1bdc4afe1f583182e539a269\gdx-box2d-1.12.1.jar;C:\Users\omen6\.gradle\caches\modules-2\files-2.1\com.badlogicgames.gdx\gdx-freetype\1.12.1\d5826997b0cfa595a72889610fadb18405056c1c\gdx-freetype-1.12.1.jar;C:\Users\omen6\.gradle\caches\modules-2\files-2.1\com.github.tommyettinger\libgdx-utils\0.13.7\bf423b2da7c82c092
Launcher Type: SUN_STANDARD

[Global flags]
     intx CICompilerCount                          = 12                                        {product} {ergonomic}
     uint ConcGCThreads                            = 3                                         {product} {ergonomic}
     uint G1ConcRefinementThreads                  = 13                                        {product} {ergonomic}
   size_t G1HeapRegionSize                         = 4194304                                   {product} {ergonomic}
    uintx GCDrainStackTargetSize                   = 64                                        {product} {ergonomic}
   size_t InitialHeapSize                          = 536870912                                 {product} {ergonomic}
   size_t MarkStackSize                            = 4194304                                   {product} {ergonomic}
   size_t MaxHeapSize                              = 8568963072                                {product} {ergonomic}
   size_t MaxNewSize                               = 5138022400                                {product} {ergonomic}
   size_t MinHeapDeltaBytes                        = 4194304                                   {product} {ergonomic}
   size_t MinHeapSize                              = 8388608                                   {product} {ergonomic}
    uintx NonNMethodCodeHeapSize                   = 7602480                                {pd product} {ergonomic}
    uintx NonProfiledCodeHeapSize                  = 122027880                              {pd product} {ergonomic}
    uintx ProfiledCodeHeapSize                     = 122027880                              {pd product} {ergonomic}
    uintx ReservedCodeCacheSize                    = 251658240                              {pd product} {ergonomic}
     bool SegmentedCodeCache                       = true                                      {product} {ergonomic}
   size_t SoftMaxHeapSize                          = 8568963072                             {manageable} {ergonomic}
     bool UseCompressedClassPointers               = true                           {product lp64_product} {ergonomic}
     bool UseCompressedOops                        = true                           {product lp64_product} {ergonomic}
     bool UseG1GC                                  = true                                      {product} {ergonomic}
     bool UseLargePagesIndividualAllocation        = false                                  {pd product} {ergonomic}

Logging:
Log output configuration:
 #0: stdout all=warning uptime,level,tags
 #1: stderr all=off uptime,level,tags

Environment Variables:
JAVA_HOME=C:\Users\omen6\AppData\Local\Programs\Eclipse Adoptium\jdk-17.0.11.9-hotspot\
PATH=C:\Program Files\Common Files\Oracle\Java\javapath;C:\Program Files (x86)\Razer Chroma SDK\bin;C:\Program Files\Razer Chroma SDK\bin;C:\Program Files (x86)\Razer\ChromaBroadcast\bin;C:\Program Files\Razer\ChromaBroadcast\bin;c:\program files (x86)\razer chroma sdk\bin;c:\program files\razer chroma sdk\bin;c:\program files (x86)\razer\chromabroadcast\bin;c:\program files\razer\chromabroadcast\bin;c:\windows\system32;c:\windows;c:\windows\system32\wbem;c:\windows\system32\windowspowershell\v1.0\;c:\windows\system32\openssh\;c:\program files (x86)\hp\common\hpdestplgin\;c:\program files\dotnet\;c:\program files\git\cmd;c:\mingw64\bin;c:\users\omen6\appdata\local\programs\python\python312\scripts\;c:\users\omen6\appdata\local\programs\python\python312\;c:\users\omen6\appdata\local\programs\python\python311\scripts\;c:\users\omen6\appdata\local\programs\python\python311\;c:\users\omen6\appdata\local\microsoft\windowsapps;c:\users\omen6\appdata\local\programs\microsoft vs code\bin;c:\windows\system32\config\systemprofile\appdata\local\microsoft\windowsapps;C:\Program Files (x86)\NVIDIA Corporation\PhysX\Common;C:\WINDOWS\system32\config\systemprofile\AppData\Local\Microsoft\WindowsApps;C:\Program Files (x86)\AOMEI\AOMEI Backupper\7.4.0;C:\Program Files\Crucial\Crucial Storage Executive;C:\Program Files\Git\cmd;C:\Program Files\NVIDIA Corporation\NVIDIA app\NvDLISR;C:\Users\omen6\AppData\Local\Programs\Eclipse Adoptium\jdk-17.0.11.9-hotspot\bin;C:\Users\omen6\AppData\Local\Programs\Python\Python312\Scripts\;C:\Users\omen6\AppData\Local\Programs\Python\Python312\;C:\Users\omen6\AppData\Local\Programs\Python\Python311\Scripts\;C:\Users\omen6\AppData\Local\Programs\Python\Python311\;C:\Users\omen6\AppData\Local\Microsoft\WindowsApps;C:\Users\omen6\AppData\Local\Programs\Microsoft VS Code\bin;C:\Program Files (x86)\HP\Common\HPDestPlgIn\;C:\Program Files\JetBrains\IntelliJ IDEA 2024.2\bin;;C:\Program Files\JetBrains\IntelliJ IDEA Community Edition 2024.3\bin;;C:\Users\omen6\
USERNAME=omen6
OS=Windows_NT
PROCESSOR_IDENTIFIER=AMD64 Family 25 Model 33 Stepping 2, AuthenticAMD
TMP=C:\Users\omen6\AppData\Local\Temp
TEMP=C:\Users\omen6\AppData\Local\Temp



Periodic native trim disabled


---------------  S Y S T E M  ---------------

OS:
 Windows 11 , 64 bit Build 22621 (10.0.22621.4391)
OS uptime: 0 days 12:20 hours

CPU: total 16 (initial active 16) (16 cores per cpu, 2 threads per core) family 25 model 33 stepping 2 microcode 0x0, cx8, cmov, fxsr, ht, mmx, 3dnowpref, sse, sse2, sse3, ssse3, sse4a, sse4.1, sse4.2, popcnt, lzcnt, tsc, tscinvbit, avx, avx2, aes, erms, clmul, bmi1, bmi2, adx, sha, fma, vzeroupper, clflush, clflushopt
Processor Information for all 16 processors :
  Max Mhz: 3801, Current Mhz: 3801, Mhz Limit: 3801

Memory: 4k page, system-wide physical 32679M (17969M free)
TotalPageFile size 37543M (AvailPageFile size 14484M)
current process WorkingSet (physical memory assigned to process): 184M, peak: 197M
current process commit charge ("private bytes"): 880M, peak: 886M

vm_info: OpenJDK 64-Bit Server VM (17.0.11+9) for windows-amd64 JRE (17.0.11+9), built on Apr 17 2024 06:07:48 by "admin" with MS VC++ 16.10 / 16.11 (VS2019)

END.
